<html>
<body>
<pre>
<h1>µVision Build Log</h1>
<h2>Tool Versions:</h2>
IDE-Version: ¦ÌVision V5.26.2.0
Copyright (C) 2018 ARM Ltd and ARM Germany GmbH. All rights reserved.
License Information: 1 1, 1, LIC=UJ5GK-ZVCHF-JU64W-Q1KJM-T75GU-XTR4K
 
Tool Versions:
Toolchain:       PK51 Prof. Developers Kit  Version: 9.59.0.0
Toolchain Path:  C:\Keil_v5\C51\BIN
C Compiler:      C51.exe V9.59.0.0
Assembler:       A51.exe V8.2.7.0
Linker/Locator:  BL51.exe V6.22.2.0
Library Manager: LIB51.exe V4.30.1.0
Hex Converter:   OH51.exe V2.7.0.0
CPU DLL:         S8051.DLL V3.122.0.0
Dialog DLL:      DCYG.DLL V2.75.0.0
Target DLL:      SiC8051F.dll V4.3.0.0
Dialog DLL:      TCYG.DLL V2.72.0.0
 
<h2>Project:</h2>
D:\GitHub\dwLaser\MCU\dwLaser_F020.uvproj
Project File Date:  11/24/2018

<h2>Output:</h2>
Build target 'Debug'
compiling crc32.c...
Lib\crc32.h(10): error C132: '_Crc32Buf': not in formal parameter list
Lib\crc32.h(11): error C132: 'Crc32Clear': not in formal parameter list
Lib\crc32.h(12): error C132: '_SetCrcOld': not in formal parameter list
Lib\crc32.c(64): error C244: 'crc_32_tab': can't initialize, bad type or class
Lib\crc32.c(108): error C132: 'crc_32_tab': not in formal parameter list
Lib\crc32.c(109): error C127: 'oldcrc32': invalid storage class
Lib\crc32.c(112): error C132: '_Crc32Buf': not in formal parameter list
Lib\crc32.c(112): error C141: syntax error near '{', expected ';'
Lib\crc32.c(113): error C132: 'i': not in formal parameter list
Lib\crc32.c(114): error C141: syntax error near 'for', expected 'hdata'
Lib\crc32.c(114): error C141: syntax error near '=', expected ')'
Lib\crc32.c(114): error C129: missing ';' before '<'
compiling delay.c...
Lib\delay.h(6): error C132: 'hwDelayInit': not in formal parameter list
Lib\delay.h(7): error C132: '_?hwDelayMs': not in formal parameter list
Lib\delay.h(8): error C132: '_?hwDelayUs': not in formal parameter list
Lib\delay.c(41): error C132: '_?hwDelayUs': not in formal parameter list
Lib\delay.c(41): error C141: syntax error near '{', expected ';'
Lib\delay.c(43): error C136: 'us': 'void' on variable
Lib\delay.c(43): error C132: 'us': not in formal parameter list
Lib\delay.c(43): error C141: syntax error near '{', expected ';'
Lib\delay.c(44): error C136: 'us': 'void' on variable
Lib\delay.c(44): error C132: 'us': not in formal parameter list
Lib\delay.c(48): error C132: '_?hwDelayMs': not in formal parameter list
Lib\delay.c(48): error C141: syntax error near '{', expected ';'
Lib\delay.c(51): error C132: 'hwDelayUs': not in formal parameter list
Lib\delay.c(52): error C141: syntax error near '}', expected 'hdata'
compiling hal_iic.c...
Driver\hal_iic.h(10): error C141: syntax error near 'hal_iic_t', expected 'hdata'
Driver\hal_iic.c(4): error C132: '_iic_start': not in formal parameter list
Driver\hal_iic.c(4): error C141: syntax error near '{', expected ';'
Driver\hal_iic.c(5): error C136: 'i2c': 'void' on variable
Driver\hal_iic.c(5): error C131: 'i2c': duplicate function-parameter
Driver\hal_iic.c(5): error C132: 'setSDA': not in formal parameter list
Driver\hal_iic.c(6): error C132: '__nop_': not in formal parameter list
Driver\hal_iic.c(7): error C131: 'i2c': duplicate function-parameter
Driver\hal_iic.c(7): error C141: syntax error near '->', expected ';'
Driver\hal_iic.c(7): error C132: 'setSCL': not in formal parameter list
Driver\hal_iic.c(8): error C141: syntax error near '->', expected ')'
Driver\hal_iic.c(8): error C132: '_hwhwDelayUs': not in formal parameter list
Driver\hal_iic.c(9): error C131: 'i2c': duplicate function-parameter
Driver\hal_iic.c(9): error C141: syntax error near '->', expected ';'
Driver\hal_iic.c(9): error C132: 'setSDA': not in formal parameter list
Driver\hal_iic.c(10): error C141: syntax error near '->', expected ')'
Driver\hal_iic.c(10): error C132: '_hwhwDelayUs': not in formal parameter list
Driver\hal_iic.c(11): error C131: 'i2c': duplicate function-parameter
Driver\hal_iic.c(11): error C141: syntax error near '->', expected ';'
Driver\hal_iic.c(11): error C132: 'setSCL': not in formal parameter list
Driver\hal_iic.c(12): error C141: syntax error near '->', expected ')'
Driver\hal_iic.c(12): error C132: '_hwhwDelayUs': not in formal parameter list
Driver\hal_iic.c(13): error C141: syntax error near '}', expected 'hdata'
compiling eprom.c...
Driver\eprom.c(3): error C132: 'i2c0': not in formal parameter list
Driver\eprom.c(6): error C132: '_eprom_writeOneByte': not in formal parameter list
Driver\eprom.c(6): error C141: syntax error near '{', expected ';'
Driver\eprom.c(7): error C136: 'acktemp': 'void' on variable
Driver\eprom.c(7): error C244: 'acktemp': can't initialize, bad type or class
Driver\eprom.c(7): error C136: 'acktemp': 'void' on variable
Driver\eprom.c(7): error C132: 'acktemp': not in formal parameter list
Driver\eprom.c(9): error C141: syntax error near '&', expected 'bit'
Driver\eprom.c(9): error C132: 'iic_start': not in formal parameter list
Driver\eprom.c(10): error C141: syntax error near '&', expected 'bit'
Driver\eprom.c(10): error C132: 'iic_writeByte': not in formal parameter list
Driver\eprom.c(11): error C244: 'acktemp': can't initialize, bad type or class
Driver\eprom.c(11): error C202: 'i2c0': undefined identifier
Driver\eprom.c(11): error C132: 'acktemp': not in formal parameter list
Driver\eprom.c(12): error C141: syntax error near '&', expected 'bit'
Driver\eprom.c(12): error C132: 'iic_writeByte': not in formal parameter list
Driver\eprom.c(13): error C244: 'acktemp': can't initialize, bad type or class
Driver\eprom.c(13): error C202: 'i2c0': undefined identifier
Driver\eprom.c(13): error C132: 'acktemp': not in formal parameter list
Driver\eprom.c(14): error C141: syntax error near '&', expected 'bit'
Driver\eprom.c(14): error C132: 'iic_writeByte': not in formal parameter list
Driver\eprom.c(15): error C244: 'acktemp': can't initialize, bad type or class
Driver\eprom.c(15): error C202: 'i2c0': undefined identifier
Driver\eprom.c(15): error C132: 'acktemp': not in formal parameter list
Driver\eprom.c(16): error C141: syntax error near '&', expected 'bit'
Driver\eprom.c(16): error C132: 'iic_stop': not in formal parameter list
Driver\eprom.c(17): error C141: syntax error near '}', expected 'hdata'
Driver\eprom.c(24): error C202: 'i2c0': undefined identifier
Driver\eprom.c(25): error C202: 'i2c0': undefined identifier
Driver\eprom.c(26): error C202: 'i2c0': undefined identifier
Driver\eprom.c(27): error C202: 'i2c0': undefined identifier
Driver\eprom.c(28): error C202: 'i2c0': undefined identifier
Driver\eprom.c(31): error C202: 'i2c0': undefined identifier
Driver\eprom.c(32): error C202: 'i2c0': undefined identifier
Driver\eprom.c(34): error C202: 'i2c0': undefined identifier
Driver\eprom.c(37): error C202: 'i2c0': undefined identifier
Driver\eprom.c(45): error C202: 'i2c0': undefined identifier
Driver\eprom.c(46): error C202: 'i2c0': undefined identifier
Driver\eprom.c(47): error C202: 'i2c0': undefined identifier
Driver\eprom.c(48): error C202: 'i2c0': undefined identifier
Driver\eprom.c(49): error C202: 'i2c0': undefined identifier
Driver\eprom.c(50): error C202: 'i2c0': undefined identifier
Driver\eprom.c(51): error C202: 'i2c0': undefined identifier
Driver\eprom.c(52): error C202: 'i2c0': undefined identifier
Driver\eprom.c(53): error C202: 'i2c0': undefined identifier
Driver\eprom.c(54): error C202: 'i2c0': undefined identifier
Driver\eprom.c(55): error C202: 'i2c0': undefined identifier
Driver\eprom.c(64): error C202: 'i2c0': undefined identifier
Driver\eprom.c(65): error C202: 'i2c0': undefined identifier
Driver\eprom.c(66): error C202: 'i2c0': undefined identifier
Driver\eprom.c(67): error C202: 'i2c0': undefined identifier
Driver\eprom.c(68): error C202: 'i2c0': undefined identifier
Driver\eprom.c(69): error C202: 'i2c0': undefined identifier
Driver\eprom.c(70): error C202: 'i2c0': undefined identifier
Driver\eprom.c(71): error C202: 'i2c0': undefined identifier
Driver\eprom.c(74): error C202: 'i2c0': undefined identifier
Driver\eprom.c(75): error C202: 'n': undefined identifier
Driver\eprom.c(76): error C202: 'i2c0': undefined identifier
Driver\eprom.c(78): error C202: 'i2c0': undefined identifier
compiling MainApp.c...
MainApp\MainApp.c(111): error C132: 'readNvram': not in formal parameter list
MainApp\MainApp.c(111): error C141: syntax error near '{', expected ';'
MainApp\MainApp.c(118): error C132: 'writeNvram': not in formal parameter list
MainApp\MainApp.c(118): error C141: syntax error near '{', expected ';'
MainApp\MainApp.c(122): error C132: 'updateNvram': not in formal parameter list
MainApp\MainApp.c(122): error C141: syntax error near '{', expected ';'
MainApp\MainApp.c(126): error C132: '_upDateDac0': not in formal parameter list
MainApp\MainApp.c(127): error C132: '_upDateDac1': not in formal parameter list
MainApp\MainApp.c(130): error C132: 'main': not in formal parameter list
MainApp\MainApp.c(130): error C141: syntax error near '{', expected ';'
Target not created.
Build Time Elapsed:  00:00:01
</pre>
</body>
</html>
